<?xml version="1.0" encoding="UTF-8"?>
<!-- Generated by org.testng.reporters.JUnitReportReporter -->
<testsuite hostname="DESKTOP-UEHFBIC" failures="0" tests="6" name="cucumberOptions.TestNGRunner" time="0.133" errors="0" timestamp="2025-04-15T01:19:00 IST" skipped="0">
  <testcase classname="cucumberOptions.TestNGRunner" name="runScenario" time="0.005"/>
  <testcase classname="cucumberOptions.TestNGRunner" name="runScenario" time="0.092"/>
  <testcase classname="cucumberOptions.TestNGRunner" name="runScenario" time="0.013"/>
  <testcase classname="cucumberOptions.TestNGRunner" name="runScenario" time="0.007"/>
  <testcase classname="cucumberOptions.TestNGRunner" name="runScenario" time="0.009"/>
  <testcase classname="cucumberOptions.TestNGRunner" name="runScenario" time="0.007"/>
</testsuite> <!-- cucumberOptions.TestNGRunner -->
